<?xml version="1.0" encoding="UTF-8"?>
<!-- Generated by org.testng.reporters.JUnitReportReporter -->
<<<<<<< HEAD
<testsuite skipped="0" hostname="DESKTOP-OH8IUHA" name="com.hrs.test.ClinicianConnect" tests="4" failures="0" timestamp="2023-06-26T20:16:43 IST" time="325.627" errors="0">
  <testcase name="verifyPatientListGeneralDetailsDisplay" time="74.664" classname="com.hrs.test.ClinicianConnect"/>
  <system-out/>
  <testcase name="verifyMetricsTabGeneralDisplay" time="181.533" classname="com.hrs.test.ClinicianConnect"/>
  <system-out/>
  <testcase name="verifyAddReminderModalGeneralDisplay" time="23.412" classname="com.hrs.test.ClinicianConnect"/>
  <system-out/>
  <testcase name="verifyAddMedicationFrequencyOnceDaily" time="46.018" classname="com.hrs.test.ClinicianConnect"/>
=======
<testsuite hostname="DESKTOP-OH8IUHA" failures="0" tests="5" name="com.hrs.test.ClinicianConnect" time="321.524" errors="0" timestamp="2023-06-28T17:02:29 IST" skipped="0">
  <testcase classname="com.hrs.test.ClinicianConnect" name="verifyPatientListGeneralDetailsDisplay" time="68.113"/>
  <system-out/>
  <testcase classname="com.hrs.test.ClinicianConnect" name="verifyMetricsTabGeneralDisplay" time="174.700"/>
  <system-out/>
  <testcase classname="com.hrs.test.ClinicianConnect" name="verifyAddReminderModalGeneralDisplay" time="21.178"/>
  <system-out/>
  <testcase classname="com.hrs.test.ClinicianConnect" name="verifyAddMedicationFrequencyOnceDaily" time="19.612"/>
  <system-out/>
  <testcase classname="com.hrs.test.ClinicianConnect" name="verifyPatientConnectMobileLoginCodesLoggingIntoPCM" time="37.921"/>
>>>>>>> ca3e1b056268130abccbc924d010473b09e61212
  <system-out/>
</testsuite> <!-- com.hrs.test.ClinicianConnect -->
