<?xml version="1.0" encoding="UTF-8"?>
<!-- Generated by org.testng.reporters.JUnitReportReporter -->
<<<<<<< HEAD
<testsuite skipped="0" hostname="DESKTOP-OH8IUHA" name="com.hrsAPI.test.HrsApiTest" tests="1" failures="0" timestamp="2023-06-26T20:05:16 IST" time="7.375" errors="0">
  <testcase name="verifyMedicationMasterListPulledFromGatewayEndpoint" time="7.375" classname="com.hrsAPI.test.HrsApiTest"/>
=======
<testsuite hostname="DESKTOP-OH8IUHA" failures="0" tests="3" name="com.hrsAPI.test.HrsApiTest" time="17.794" errors="0" timestamp="2023-06-30T14:26:12 IST" skipped="0">
  <testcase classname="com.hrsAPI.test.HrsApiTest" name="verifyMedicationMasterListPulledFromGatewayEndpoint" time="7.969"/>
  <system-out/>
  <testcase classname="com.hrsAPI.test.HrsApiTest" name="verifyNewMedicationFromEMRModalNotificationsReconciled" time="4.820"/>
  <system-out/>
  <testcase classname="com.hrsAPI.test.HrsApiTest" name="verifyEndpointTestingConfirmAllMedGatewayEndpointsareExposed" time="5.005"/>
>>>>>>> ca3e1b056268130abccbc924d010473b09e61212
  <system-out/>
</testsuite> <!-- com.hrsAPI.test.HrsApiTest -->
